  [1m[35m (0.1ms)[0m  [1m[34mSELECT sqlite_version(*)[0m
  ↳ /home/vinil/.rbenv/versions/2.5.3/bin/rake:23
  [1m[35m (12.0ms)[0m  [1m[35mCREATE TABLE "schema_migrations" ("version" varchar NOT NULL PRIMARY KEY)[0m
  ↳ /home/vinil/.rbenv/versions/2.5.3/bin/rake:23
  [1m[35m (11.8ms)[0m  [1m[35mCREATE TABLE "ar_internal_metadata" ("key" varchar NOT NULL PRIMARY KEY, "value" varchar, "created_at" datetime NOT NULL, "updated_at" datetime NOT NULL)[0m
  ↳ /home/vinil/.rbenv/versions/2.5.3/bin/rake:23
  [1m[35m (0.3ms)[0m  [1m[34mSELECT "schema_migrations"."version" FROM "schema_migrations" ORDER BY "schema_migrations"."version" ASC[0m
  ↳ /home/vinil/.rbenv/versions/2.5.3/bin/rake:23
Migrating to CreateUsers (20190121081129)
  [1m[35m (0.1ms)[0m  [1m[36mbegin transaction[0m
  ↳ /home/vinil/.rbenv/versions/2.5.3/bin/rake:23
  [1m[35m (0.7ms)[0m  [1m[35mCREATE TABLE "users" ("id" integer PRIMARY KEY AUTOINCREMENT NOT NULL, "firstname" varchar NOT NULL, "lastname" varchar NOT NULL, "email" varchar NOT NULL, "contact" varchar NOT NULL, "bio" varchar, "website_url" varchar, "facebook_url" varchar, "twitter_handle" varchar, "instagram_handle" varchar, "streanplayer_url" varchar, "imageable_type" varchar, "imageable_id" integer, "created_at" datetime NOT NULL, "updated_at" datetime NOT NULL)[0m
  ↳ db/migrate/20190121081129_create_users.rb:3
  [1m[35m (0.3ms)[0m  [1m[35mCREATE  INDEX "index_users_on_imageable_type_and_imageable_id" ON "users" ("imageable_type", "imageable_id")[0m
  ↳ db/migrate/20190121081129_create_users.rb:3
  [1m[36mActiveRecord::SchemaMigration Create (0.3ms)[0m  [1m[32mINSERT INTO "schema_migrations" ("version") VALUES (?)[0m  [["version", "20190121081129"]]
  ↳ /home/vinil/.rbenv/versions/2.5.3/bin/rake:23
  [1m[35m (12.5ms)[0m  [1m[36mcommit transaction[0m
  ↳ /home/vinil/.rbenv/versions/2.5.3/bin/rake:23
Migrating to CreateStudios (20190121081148)
  [1m[35m (0.1ms)[0m  [1m[36mbegin transaction[0m
  ↳ /home/vinil/.rbenv/versions/2.5.3/bin/rake:23
  [1m[35m (0.7ms)[0m  [1m[35mCREATE TABLE "studios" ("id" integer PRIMARY KEY AUTOINCREMENT NOT NULL, "name" varchar NOT NULL, "details" varchar NOT NULL, "minimum_booking" varchar NOT NULL, "type" varchar, "hours_of_operation" varchar, "past_clients" varchar, "audio_samples" varchar, "amenities" varchar, "equipments" varchar, "rules" varchar NOT NULL, "price_per_hour" float NOT NULL, "audio_engineer" boolean, "imageable_type" varchar, "imageable_id" integer, "created_at" datetime NOT NULL, "updated_at" datetime NOT NULL)[0m
  ↳ db/migrate/20190121081148_create_studios.rb:3
  [1m[35m (0.3ms)[0m  [1m[35mCREATE  INDEX "index_studios_on_imageable_type_and_imageable_id" ON "studios" ("imageable_type", "imageable_id")[0m
  ↳ db/migrate/20190121081148_create_studios.rb:3
  [1m[36mActiveRecord::SchemaMigration Create (0.3ms)[0m  [1m[32mINSERT INTO "schema_migrations" ("version") VALUES (?)[0m  [["version", "20190121081148"]]
  ↳ /home/vinil/.rbenv/versions/2.5.3/bin/rake:23
  [1m[35m (12.4ms)[0m  [1m[36mcommit transaction[0m
  ↳ /home/vinil/.rbenv/versions/2.5.3/bin/rake:23
Migrating to CreateBookings (20190121081157)
  [1m[35m (0.1ms)[0m  [1m[36mbegin transaction[0m
  ↳ /home/vinil/.rbenv/versions/2.5.3/bin/rake:23
  [1m[35m (0.6ms)[0m  [1m[35mCREATE TABLE "bookings" ("id" integer PRIMARY KEY AUTOINCREMENT NOT NULL, "hours" varchar, "sub_total" varchar, "studio_time_fee" varchar, "total_amount" varchar, "user_id" integer, "created_at" datetime NOT NULL, "updated_at" datetime NOT NULL)[0m
  ↳ db/migrate/20190121081157_create_bookings.rb:3
  [1m[35m (0.3ms)[0m  [1m[35mCREATE  INDEX "index_bookings_on_user_id" ON "bookings" ("user_id")[0m
  ↳ db/migrate/20190121081157_create_bookings.rb:3
  [1m[36mActiveRecord::SchemaMigration Create (0.3ms)[0m  [1m[32mINSERT INTO "schema_migrations" ("version") VALUES (?)[0m  [["version", "20190121081157"]]
  ↳ /home/vinil/.rbenv/versions/2.5.3/bin/rake:23
  [1m[35m (12.3ms)[0m  [1m[36mcommit transaction[0m
  ↳ /home/vinil/.rbenv/versions/2.5.3/bin/rake:23
Migrating to CreatePictures (20190121081401)
  [1m[35m (0.1ms)[0m  [1m[36mbegin transaction[0m
  ↳ /home/vinil/.rbenv/versions/2.5.3/bin/rake:23
  [1m[35m (0.7ms)[0m  [1m[35mCREATE TABLE "pictures" ("id" integer PRIMARY KEY AUTOINCREMENT NOT NULL, "name" varchar, "imageable_id" integer, "imageable_type" varchar, "created_at" datetime NOT NULL, "updated_at" datetime NOT NULL)[0m
  ↳ db/migrate/20190121081401_create_pictures.rb:3
  [1m[35m (0.3ms)[0m  [1m[35mCREATE  INDEX "index_pictures_on_imageable_type_and_imageable_id" ON "pictures" ("imageable_type", "imageable_id")[0m
  ↳ db/migrate/20190121081401_create_pictures.rb:10
  [1m[36mActiveRecord::SchemaMigration Create (0.4ms)[0m  [1m[32mINSERT INTO "schema_migrations" ("version") VALUES (?)[0m  [["version", "20190121081401"]]
  ↳ /home/vinil/.rbenv/versions/2.5.3/bin/rake:23
  [1m[35m (12.4ms)[0m  [1m[36mcommit transaction[0m
  ↳ /home/vinil/.rbenv/versions/2.5.3/bin/rake:23
Migrating to CreateSlots (20190121085118)
  [1m[35m (0.2ms)[0m  [1m[36mbegin transaction[0m
  ↳ /home/vinil/.rbenv/versions/2.5.3/bin/rake:23
  [1m[35m (0.7ms)[0m  [1m[35mCREATE TABLE "slots" ("id" integer PRIMARY KEY AUTOINCREMENT NOT NULL, "starttime" datetime, "endtime" datetime, "created_at" datetime NOT NULL, "updated_at" datetime NOT NULL)[0m
  ↳ db/migrate/20190121085118_create_slots.rb:3
  [1m[36mActiveRecord::SchemaMigration Create (0.3ms)[0m  [1m[32mINSERT INTO "schema_migrations" ("version") VALUES (?)[0m  [["version", "20190121085118"]]
  ↳ /home/vinil/.rbenv/versions/2.5.3/bin/rake:23
  [1m[35m (12.3ms)[0m  [1m[36mcommit transaction[0m
  ↳ /home/vinil/.rbenv/versions/2.5.3/bin/rake:23
Migrating to CreateBookingSlots (20190121085141)
  [1m[35m (0.1ms)[0m  [1m[36mbegin transaction[0m
  ↳ /home/vinil/.rbenv/versions/2.5.3/bin/rake:23
  [1m[35m (0.6ms)[0m  [1m[35mCREATE TABLE "booking_slots" ("id" integer PRIMARY KEY AUTOINCREMENT NOT NULL, "booking_id" integer, "slot_id" integer, "created_at" datetime NOT NULL, "updated_at" datetime NOT NULL)[0m
  ↳ db/migrate/20190121085141_create_booking_slots.rb:3
  [1m[35m (0.3ms)[0m  [1m[35mCREATE  INDEX "index_booking_slots_on_booking_id" ON "booking_slots" ("booking_id")[0m
  ↳ db/migrate/20190121085141_create_booking_slots.rb:3
  [1m[35m (0.3ms)[0m  [1m[35mCREATE  INDEX "index_booking_slots_on_slot_id" ON "booking_slots" ("slot_id")[0m
  ↳ db/migrate/20190121085141_create_booking_slots.rb:3
  [1m[36mActiveRecord::SchemaMigration Create (0.4ms)[0m  [1m[32mINSERT INTO "schema_migrations" ("version") VALUES (?)[0m  [["version", "20190121085141"]]
  ↳ /home/vinil/.rbenv/versions/2.5.3/bin/rake:23
  [1m[35m (12.4ms)[0m  [1m[36mcommit transaction[0m
  ↳ /home/vinil/.rbenv/versions/2.5.3/bin/rake:23
  [1m[36mActiveRecord::InternalMetadata Load (0.4ms)[0m  [1m[34mSELECT  "ar_internal_metadata".* FROM "ar_internal_metadata" WHERE "ar_internal_metadata"."key" = ? LIMIT ?[0m  [["key", "environment"], ["LIMIT", 1]]
  ↳ /home/vinil/.rbenv/versions/2.5.3/bin/rake:23
  [1m[35m (0.2ms)[0m  [1m[36mbegin transaction[0m
  ↳ /home/vinil/.rbenv/versions/2.5.3/bin/rake:23
  [1m[36mActiveRecord::InternalMetadata Create (0.6ms)[0m  [1m[32mINSERT INTO "ar_internal_metadata" ("key", "value", "created_at", "updated_at") VALUES (?, ?, ?, ?)[0m  [["key", "environment"], ["value", "development"], ["created_at", "2019-01-21 09:18:11.086710"], ["updated_at", "2019-01-21 09:18:11.086710"]]
  ↳ /home/vinil/.rbenv/versions/2.5.3/bin/rake:23
  [1m[35m (11.3ms)[0m  [1m[36mcommit transaction[0m
  ↳ /home/vinil/.rbenv/versions/2.5.3/bin/rake:23
  [1m[35m (0.3ms)[0m  [1m[34mSELECT "schema_migrations"."version" FROM "schema_migrations" ORDER BY "schema_migrations"."version" ASC[0m
  ↳ /home/vinil/.rbenv/versions/2.5.3/bin/rake:23
  [1m[36mUser Load (1.2ms)[0m  [1m[34mSELECT  "users".* FROM "users" LIMIT ?[0m  [["LIMIT", 11]]
  [1m[35m (0.1ms)[0m  [1m[34mSELECT "schema_migrations"."version" FROM "schema_migrations" ORDER BY "schema_migrations"."version" ASC[0m
  ↳ /home/vinil/.rbenv/versions/2.5.3/bin/rake:23
Migrating to CreatePaymentforms (20190121092123)
  [1m[35m (0.0ms)[0m  [1m[36mbegin transaction[0m
  ↳ /home/vinil/.rbenv/versions/2.5.3/bin/rake:23
  [1m[35m (0.1ms)[0m  [1m[34mSELECT sqlite_version(*)[0m
  ↳ db/migrate/20190121092123_create_paymentforms.rb:3
  [1m[35m (0.2ms)[0m  [1m[35mCREATE TABLE "paymentforms" ("id" integer PRIMARY KEY AUTOINCREMENT NOT NULL, "name" varchar, "address" varchar, "firstname" varchar, "lastname" varchar, "bank_account_number" varchar, "bank_Id" varchar, "created_at" datetime NOT NULL, "updated_at" datetime NOT NULL)[0m
  ↳ db/migrate/20190121092123_create_paymentforms.rb:3
  [1m[36mActiveRecord::SchemaMigration Create (0.1ms)[0m  [1m[32mINSERT INTO "schema_migrations" ("version") VALUES (?)[0m  [["version", "20190121092123"]]
  ↳ /home/vinil/.rbenv/versions/2.5.3/bin/rake:23
  [1m[35m (15.9ms)[0m  [1m[36mcommit transaction[0m
  ↳ /home/vinil/.rbenv/versions/2.5.3/bin/rake:23
  [1m[36mActiveRecord::InternalMetadata Load (0.4ms)[0m  [1m[34mSELECT  "ar_internal_metadata".* FROM "ar_internal_metadata" WHERE "ar_internal_metadata"."key" = ? LIMIT ?[0m  [["key", "environment"], ["LIMIT", 1]]
  ↳ /home/vinil/.rbenv/versions/2.5.3/bin/rake:23
  [1m[35m (0.1ms)[0m  [1m[36mbegin transaction[0m
  ↳ /home/vinil/.rbenv/versions/2.5.3/bin/rake:23
  [1m[35m (0.1ms)[0m  [1m[36mcommit transaction[0m
  ↳ /home/vinil/.rbenv/versions/2.5.3/bin/rake:23
  [1m[35m (0.3ms)[0m  [1m[34mSELECT "schema_migrations"."version" FROM "schema_migrations" ORDER BY "schema_migrations"."version" ASC[0m
  ↳ /home/vinil/.rbenv/versions/2.5.3/bin/rake:23
